[2026-06-07 04:20:35] Source: DispatcherUnhandledException
System.Reflection.TargetInvocationException: Exception has been thrown by the target of an invocation.
 ---> System.Windows.Markup.XamlParseException: Provide value on 'System.Windows.Baml2006.TypeConverterMarkupExtension' threw an exception.
 ---> System.FormatException: Speaker24 is not a valid value for SymbolRegular.
 ---> System.ArgumentException: Requested value 'Speaker24' was not found.
   at System.Enum.TryParseByName[TStorage](RuntimeType enumType, ReadOnlySpan`1 value, Boolean ignoreCase, Boolean throwOnFailure, TStorage& result)
   at System.Enum.TryParseByValueOrName[TUnderlying,TStorage](RuntimeType enumType, ReadOnlySpan`1 value, Boolean ignoreCase, Boolean throwOnFailure, TUnderlying& result)
   at System.Enum.TryParse(Type enumType, ReadOnlySpan`1 value, Boolean ignoreCase, Boolean throwOnFailure, Object& result)
   at System.ComponentModel.EnumConverter.ConvertFrom(ITypeDescriptorContext context, CultureInfo culture, Object value)
   --- End of inner exception stack trace ---
   at System.ComponentModel.EnumConverter.ConvertFrom(ITypeDescriptorContext context, CultureInfo culture, Object value)
   at MS.Internal.Xaml.Runtime.ClrObjectRuntime.CallProvideValue(MarkupExtension me, IServiceProvider serviceProvider)
   --- End of inner exception stack trace ---
   at System.Windows.Markup.XamlReader.RewrapException(Exception e, IXamlLineInfo lineInfo, Uri baseUri)
   at System.Windows.Markup.WpfXamlLoader.Load(XamlReader xamlReader, IXamlObjectWriterFactory writerFactory, Boolean skipJournaledProperties, Object rootObject, XamlObjectWriterSettings settings, Uri baseUri)
   at System.Windows.Markup.XamlReader.LoadBaml(Stream stream, ParserContext parserContext, Object parent, Boolean closeStream)
   at System.Windows.Application.LoadComponent(Object component, Uri resourceLocator)
   at PCOptimizer.Views.AboutPage.InitializeComponent()
   at PCOptimizer.Views.AboutPage..ctor()
   at System.RuntimeMethodHandle.InvokeMethod(Object target, Void** arguments, Signature sig, Boolean isConstructor)
   at System.Reflection.MethodBaseInvoker.InvokeWithNoArgs(Object obj, BindingFlags invokeAttr)
   --- End of inner exception stack trace ---
   at System.Reflection.MethodBaseInvoker.InvokeWithNoArgs(Object obj, BindingFlags invokeAttr)
   at System.Reflection.ConstructorInfo.Invoke(Object[] parameters)
   at Wpf.Ui.Controls.NavigationViewActivator.CreateInstance(Type pageType, Object dataContext)
   at Wpf.Ui.Controls.NavigationView.GetPageInstanceFromCache(Type targetPageType)
   at Wpf.Ui.Controls.NavigationView.<>c__DisplayClass120_0.<GetNavigationItemInstance>g__ComputeCachedNavigationInstance|0()
   at Wpf.Ui.Controls.NavigationCache.Remember(Type entryType, NavigationCacheMode cacheMode, Func`1 generate)
   at Wpf.Ui.Controls.NavigationView.GetNavigationItemInstance(INavigationViewItem viewItem)
   at Wpf.Ui.Controls.NavigationView.NavigateInternal(INavigationViewItem viewItem, Object dataContext, Boolean addToNavigationStack, Boolean isBackwardsNavigated)
   at Wpf.Ui.Controls.NavigationView.OnNavigationViewItemClick(NavigationViewItem navigationViewItem)
   at Wpf.Ui.Controls.NavigationViewItem.OnClick()
   at System.Windows.Controls.Primitives.ButtonBase.OnMouseLeftButtonUp(MouseButtonEventArgs e)
   at System.Windows.RoutedEventArgs.InvokeHandler(Delegate handler, Object target)
   at System.Windows.EventRoute.InvokeHandlersImpl(Object source, RoutedEventArgs args, Boolean reRaised)
   at System.Windows.UIElement.ReRaiseEventAs(DependencyObject sender, RoutedEventArgs args, RoutedEvent newEvent)
   at System.Windows.RoutedEventArgs.InvokeHandler(Delegate handler, Object target)
   at System.Windows.EventRoute.InvokeHandlersImpl(Object source, RoutedEventArgs args, Boolean reRaised)
   at System.Windows.UIElement.RaiseEventImpl(DependencyObject sender, RoutedEventArgs args)
   at System.Windows.UIElement.RaiseTrustedEvent(RoutedEventArgs args)
   at System.Windows.Input.InputManager.ProcessStagingArea()
   at System.Windows.Interop.HwndMouseInputProvider.ReportInput(IntPtr hwnd, InputMode mode, Int32 timestamp, RawMouseActions actions, Int32 x, Int32 y, Int32 wheel)
   at System.Windows.Interop.HwndMouseInputProvider.FilterMessage(IntPtr hwnd, WindowMessage msg, IntPtr wParam, IntPtr lParam, Boolean& handled)
   at System.Windows.Interop.HwndSource.InputFilterMessage(IntPtr hwnd, Int32 msg, IntPtr wParam, IntPtr lParam, Boolean& handled)
   at MS.Win32.HwndSubclass.DispatcherCallbackOperation(Object o)
   at System.Windows.Threading.ExceptionWrapper.InternalRealCall(Delegate callback, Object args, Int32 numArgs)
   at System.Windows.Threading.ExceptionWrapper.TryCatchWhen(Object source, Delegate callback, Object args, Int32 numArgs, Delegate catchHandler)
--------------------------------------------------------------------------------
[2026-06-07 04:20:39] Source: DispatcherUnhandledException
System.Reflection.TargetInvocationException: Exception has been thrown by the target of an invocation.
 ---> System.Windows.Markup.XamlParseException: Provide value on 'System.Windows.Baml2006.TypeConverterMarkupExtension' threw an exception.
 ---> System.FormatException: Speaker24 is not a valid value for SymbolRegular.
 ---> System.ArgumentException: Requested value 'Speaker24' was not found.
   at System.Enum.TryParseByName[TStorage](RuntimeType enumType, ReadOnlySpan`1 value, Boolean ignoreCase, Boolean throwOnFailure, TStorage& result)
   at System.Enum.TryParseByValueOrName[TUnderlying,TStorage](RuntimeType enumType, ReadOnlySpan`1 value, Boolean ignoreCase, Boolean throwOnFailure, TUnderlying& result)
   at System.Enum.TryParse(Type enumType, ReadOnlySpan`1 value, Boolean ignoreCase, Boolean throwOnFailure, Object& result)
   at System.ComponentModel.EnumConverter.ConvertFrom(ITypeDescriptorContext context, CultureInfo culture, Object value)
   --- End of inner exception stack trace ---
   at System.ComponentModel.EnumConverter.ConvertFrom(ITypeDescriptorContext context, CultureInfo culture, Object value)
   at MS.Internal.Xaml.Runtime.ClrObjectRuntime.CallProvideValue(MarkupExtension me, IServiceProvider serviceProvider)
   --- End of inner exception stack trace ---
   at System.Windows.Markup.XamlReader.RewrapException(Exception e, IXamlLineInfo lineInfo, Uri baseUri)
   at System.Windows.Markup.WpfXamlLoader.Load(XamlReader xamlReader, IXamlObjectWriterFactory writerFactory, Boolean skipJournaledProperties, Object rootObject, XamlObjectWriterSettings settings, Uri baseUri)
   at System.Windows.Markup.XamlReader.LoadBaml(Stream stream, ParserContext parserContext, Object parent, Boolean closeStream)
   at System.Windows.Application.LoadComponent(Object component, Uri resourceLocator)
   at PCOptimizer.Views.AboutPage.InitializeComponent()
   at PCOptimizer.Views.AboutPage..ctor()
   at System.RuntimeMethodHandle.InvokeMethod(Object target, Void** arguments, Signature sig, Boolean isConstructor)
   at System.Reflection.MethodBaseInvoker.InvokeWithNoArgs(Object obj, BindingFlags invokeAttr)
   --- End of inner exception stack trace ---
   at System.Reflection.MethodBaseInvoker.InvokeWithNoArgs(Object obj, BindingFlags invokeAttr)
   at System.Reflection.ConstructorInfo.Invoke(Object[] parameters)
   at Wpf.Ui.Controls.NavigationViewActivator.CreateInstance(Type pageType, Object dataContext)
   at Wpf.Ui.Controls.NavigationView.GetPageInstanceFromCache(Type targetPageType)
   at Wpf.Ui.Controls.NavigationView.<>c__DisplayClass120_0.<GetNavigationItemInstance>g__ComputeCachedNavigationInstance|0()
   at Wpf.Ui.Controls.NavigationCache.Remember(Type entryType, NavigationCacheMode cacheMode, Func`1 generate)
   at Wpf.Ui.Controls.NavigationView.GetNavigationItemInstance(INavigationViewItem viewItem)
   at Wpf.Ui.Controls.NavigationView.NavigateInternal(INavigationViewItem viewItem, Object dataContext, Boolean addToNavigationStack, Boolean isBackwardsNavigated)
   at Wpf.Ui.Controls.NavigationView.OnNavigationViewItemClick(NavigationViewItem navigationViewItem)
   at Wpf.Ui.Controls.NavigationViewItem.OnClick()
   at System.Windows.Controls.Primitives.ButtonBase.OnMouseLeftButtonUp(MouseButtonEventArgs e)
   at System.Windows.RoutedEventArgs.InvokeHandler(Delegate handler, Object target)
   at System.Windows.EventRoute.InvokeHandlersImpl(Object source, RoutedEventArgs args, Boolean reRaised)
   at System.Windows.UIElement.ReRaiseEventAs(DependencyObject sender, RoutedEventArgs args, RoutedEvent newEvent)
   at System.Windows.RoutedEventArgs.InvokeHandler(Delegate handler, Object target)
   at System.Windows.EventRoute.InvokeHandlersImpl(Object source, RoutedEventArgs args, Boolean reRaised)
   at System.Windows.UIElement.RaiseEventImpl(DependencyObject sender, RoutedEventArgs args)
   at System.Windows.UIElement.RaiseTrustedEvent(RoutedEventArgs args)
   at System.Windows.Input.InputManager.ProcessStagingArea()
   at System.Windows.Interop.HwndMouseInputProvider.ReportInput(IntPtr hwnd, InputMode mode, Int32 timestamp, RawMouseActions actions, Int32 x, Int32 y, Int32 wheel)
   at System.Windows.Interop.HwndMouseInputProvider.FilterMessage(IntPtr hwnd, WindowMessage msg, IntPtr wParam, IntPtr lParam, Boolean& handled)
   at System.Windows.Interop.HwndSource.InputFilterMessage(IntPtr hwnd, Int32 msg, IntPtr wParam, IntPtr lParam, Boolean& handled)
   at MS.Win32.HwndSubclass.DispatcherCallbackOperation(Object o)
   at System.Windows.Threading.ExceptionWrapper.InternalRealCall(Delegate callback, Object args, Int32 numArgs)
   at System.Windows.Threading.ExceptionWrapper.TryCatchWhen(Object source, Delegate callback, Object args, Int32 numArgs, Delegate catchHandler)
--------------------------------------------------------------------------------
