[2026-06-07 04:19:06] Application starting...
[2026-06-07 04:19:06] Security Guard initialized.
[2026-06-07 04:19:06] Startup sound played.
[2026-06-07 04:19:06] Opening LoadingWindow...
[2026-06-07 04:19:11] LoadingWindow completed.
[2026-06-07 04:19:11] Opening LoginWindow...
[2026-06-07 04:19:14] LoginWindow result: False
[2026-06-07 04:19:14] Login was not successful or cancelled. Shutting down.
[2026-06-07 04:19:32] OnStartup begin
[2026-06-07 04:19:32] Application starting...
[2026-06-07 04:19:32] Security Guard initialized.
[2026-06-07 04:19:32] Startup sound played.
[2026-06-07 04:19:32] Opening LoadingWindow...
[2026-06-07 04:19:36] LoadingWindow completed.
[2026-06-07 04:19:36] Opening LoginWindow...
[2026-06-07 04:20:07] LoginWindow result: True
[2026-06-07 04:20:07] Opening MainWindow...
[2026-06-07 04:20:07] MainWindow InitializeComponent succeeded.
[2026-06-07 04:20:12] Navigated to DashboardPage successfully.
[2026-06-07 04:20:12] MainWindow displayed successfully.
