[2026-05-26 16:26:34] Application starting...
[2026-05-26 16:26:34] Security Guard initialized.
[2026-05-26 16:26:34] Startup sound played.
[2026-05-26 16:26:34] Opening LoadingWindow...
[2026-05-26 16:28:27] OnStartup begin
[2026-05-26 16:28:27] Application starting...
[2026-05-26 16:28:27] Security Guard initialized.
[2026-05-26 16:28:27] Startup sound played.
[2026-05-26 16:28:27] Opening LoadingWindow...
[2026-05-26 16:31:57] OnStartup begin
[2026-05-26 16:31:57] Application starting...
[2026-05-26 16:31:57] Security Guard initialized.
[2026-05-26 16:31:57] Startup sound played.
[2026-05-26 16:31:57] Opening LoadingWindow...
[2026-05-26 16:32:00] LoadingWindow completed.
[2026-05-26 16:36:20] OnStartup begin
[2026-05-26 16:36:20] Application starting...
[2026-05-26 16:36:20] Security Guard initialized.
[2026-05-26 16:36:20] Startup sound played.
[2026-05-26 16:36:20] Opening LoadingWindow...
[2026-05-26 16:36:24] LoadingWindow completed.
[2026-05-26 16:38:57] OnStartup begin
[2026-05-26 16:38:57] Application starting...
[2026-05-26 16:38:57] Security Guard initialized.
[2026-05-26 16:38:57] Startup sound played.
[2026-05-26 16:38:57] Opening LoadingWindow...
[2026-05-26 16:39:01] LoadingWindow completed.
[2026-05-27 00:16:29] OnStartup begin
[2026-05-27 00:16:29] Application starting...
[2026-05-27 00:16:29] Security Guard initialized.
[2026-05-27 00:16:29] Startup sound played.
[2026-05-27 00:16:29] Opening LoadingWindow...
[2026-05-27 00:16:35] LoadingWindow completed.
[2026-05-27 00:17:22] OnStartup begin
[2026-05-27 00:17:22] Application starting...
[2026-05-27 00:17:22] Security Guard initialized.
[2026-05-27 00:17:22] Startup sound played.
[2026-05-27 00:17:22] Opening LoadingWindow...
[2026-05-27 00:17:26] LoadingWindow completed.
[2026-05-27 00:23:14] OnStartup begin
[2026-05-27 00:23:14] Application starting...
[2026-05-27 00:23:14] Security Guard initialized.
[2026-05-27 00:23:14] Startup sound played.
[2026-05-27 00:23:14] Opening LoadingWindow...
[2026-05-27 00:23:18] LoadingWindow completed.
[2026-05-27 00:23:18] Opening LoginWindow...
[2026-05-27 00:23:56] LoginWindow result: True
[2026-05-27 00:23:56] Opening MainWindow...
[2026-05-27 00:23:56] MainWindow InitializeComponent succeeded.
[2026-05-27 00:24:01] Navigated to DashboardPage successfully.
[2026-05-27 00:24:01] MainWindow displayed successfully.
[2026-05-27 00:26:53] Close hotkey (Delete) pressed. Closing MainWindow.
[2026-05-29 02:49:46] OnStartup begin
[2026-05-29 02:49:46] Application starting...
[2026-05-29 02:49:46] Security Guard initialized.
[2026-05-29 02:49:46] Startup sound played.
[2026-05-29 02:49:46] Opening LoadingWindow...
[2026-05-29 02:49:53] LoadingWindow completed.
[2026-05-29 02:49:53] Opening LoginWindow...
[2026-05-29 02:51:14] LoginWindow result: True
[2026-05-29 02:51:14] Opening MainWindow...
[2026-05-29 02:51:14] MainWindow InitializeComponent succeeded.
[2026-05-29 02:51:18] Navigated to DashboardPage successfully.
[2026-05-29 02:51:19] MainWindow displayed successfully.
[2026-05-29 08:47:23] OnStartup begin
[2026-05-29 08:47:23] Application starting...
[2026-05-29 08:47:23] Security Guard initialized.
[2026-05-29 08:47:23] Startup sound played.
[2026-05-29 08:47:23] Opening LoadingWindow...
[2026-05-29 08:47:31] LoadingWindow completed.
[2026-05-29 08:47:31] Opening LoginWindow...
[2026-05-29 08:47:34] LoginWindow result: False
[2026-05-29 08:47:34] Login was not successful or cancelled. Shutting down.
[2026-05-29 09:32:39] OnStartup begin
[2026-05-29 09:32:39] Application starting...
[2026-05-29 09:32:39] Security Guard initialized.
[2026-05-29 09:32:39] Startup sound played.
[2026-05-29 09:32:39] Opening LoadingWindow...
[2026-05-29 09:32:44] LoadingWindow completed.
[2026-05-29 09:32:44] Opening LoginWindow...
[2026-05-29 09:33:07] LoginWindow result: False
[2026-05-29 09:33:07] Login was not successful or cancelled. Shutting down.
[2026-05-29 09:33:12] OnStartup begin
[2026-05-29 09:33:12] Application starting...
[2026-05-29 09:33:12] Security Guard initialized.
[2026-05-29 09:33:12] Startup sound played.
[2026-05-29 09:33:12] Opening LoadingWindow...
[2026-05-29 09:33:17] LoadingWindow completed.
[2026-05-29 09:33:17] Opening LoginWindow...
[2026-05-29 09:33:22] LoginWindow result: True
[2026-05-29 09:33:22] Opening MainWindow...
[2026-05-29 09:33:22] MainWindow InitializeComponent succeeded.
[2026-05-29 09:33:26] Navigated to DashboardPage successfully.
[2026-05-29 09:33:26] MainWindow displayed successfully.
